[debug] [2022-07-26T20:07:41.005Z] ----------------------------------------------------------------------
[debug] [2022-07-26T20:07:41.006Z] Command:       C:\Program Files\nodejs\node.exe C:\Users\twist\AppData\Roaming\npm\node_modules\firebase-tools\lib\bin\firebase.js init
[debug] [2022-07-26T20:07:41.006Z] CLI Version:   11.3.0
[debug] [2022-07-26T20:07:41.006Z] Platform:      win32
[debug] [2022-07-26T20:07:41.006Z] Node Version:  v16.14.0
[debug] [2022-07-26T20:07:41.007Z] Time:          Tue Jul 26 2022 13:07:41 GMT-0700 (Pacific Daylight Time)
[debug] [2022-07-26T20:07:41.007Z] ----------------------------------------------------------------------
[debug] 
[debug] [2022-07-26T20:07:41.052Z] > command requires scopes: ["email","openid","https://www.googleapis.com/auth/cloudplatformprojects.readonly","https://www.googleapis.com/auth/firebase","https://www.googleapis.com/auth/cloud-platform"]
[debug] [2022-07-26T20:07:41.052Z] > authorizing via signed-in user (dev.segars@gmail.com)
[info] 
     ######## #### ########  ######## ########     ###     ######  ########
     ##        ##  ##     ## ##       ##     ##  ##   ##  ##       ##
     ######    ##  ########  ######   ########  #########  ######  ######
     ##        ##  ##    ##  ##       ##     ## ##     ##       ## ##
     ##       #### ##     ## ######## ########  ##     ##  ######  ########

You're about to initialize a Firebase project in this directory:

  C:\Users\twist\Desktop\hireaboat-master

Before we get started, keep in mind:

  * You are initializing within an existing Firebase project directory

[info] 
=== Project Setup
[info] 
[info] First, let's associate this project directory with a Firebase project.
[info] You can create multiple project aliases by running firebase use --add, 
[info] but for now we'll just set up a default project.
[info] 

